Determining if the pthread_create exist failed with the following output:
Change Dir: /mnt/c/Users/Antho/repos/ZeroPilot-SW/Autopilot/CMakeFiles/CMakeTmp

Run Build Command:"/usr/bin/make" "cmTC_78b65/fast"
/usr/bin/make -f CMakeFiles/cmTC_78b65.dir/build.make CMakeFiles/cmTC_78b65.dir/build
make[1]: Entering directory '/mnt/c/Users/Antho/repos/ZeroPilot-SW/Autopilot/CMakeFiles/CMakeTmp'
Building C object CMakeFiles/cmTC_78b65.dir/CheckSymbolExists.c.o
/usr/bin/cc     -o CMakeFiles/cmTC_78b65.dir/CheckSymbolExists.c.o   -c /mnt/c/Users/Antho/repos/ZeroPilot-SW/Autopilot/CMakeFiles/CMakeTmp/CheckSymbolExists.c
Linking C executable cmTC_78b65
/usr/bin/cmake -E cmake_link_script CMakeFiles/cmTC_78b65.dir/link.txt --verbose=1
/usr/bin/cc       CMakeFiles/cmTC_78b65.dir/CheckSymbolExists.c.o  -o cmTC_78b65 -rdynamic 
CMakeFiles/cmTC_78b65.dir/CheckSymbolExists.c.o: In function `main':
CheckSymbolExists.c:(.text+0x16): undefined reference to `pthread_create'
collect2: error: ld returned 1 exit status
CMakeFiles/cmTC_78b65.dir/build.make:97: recipe for target 'cmTC_78b65' failed
make[1]: *** [cmTC_78b65] Error 1
make[1]: Leaving directory '/mnt/c/Users/Antho/repos/ZeroPilot-SW/Autopilot/CMakeFiles/CMakeTmp'
Makefile:126: recipe for target 'cmTC_78b65/fast' failed
make: *** [cmTC_78b65/fast] Error 2

File /mnt/c/Users/Antho/repos/ZeroPilot-SW/Autopilot/CMakeFiles/CMakeTmp/CheckSymbolExists.c:
/* */
#include <pthread.h>

int main(int argc, char** argv)
{
  (void)argv;
#ifndef pthread_create
  return ((int*)(&pthread_create))[argc];
#else
  (void)argc;
  return 0;
#endif
}

Determining if the function pthread_create exists in the pthreads failed with the following output:
Change Dir: /mnt/c/Users/Antho/repos/ZeroPilot-SW/Autopilot/CMakeFiles/CMakeTmp

Run Build Command:"/usr/bin/make" "cmTC_fd525/fast"
/usr/bin/make -f CMakeFiles/cmTC_fd525.dir/build.make CMakeFiles/cmTC_fd525.dir/build
make[1]: Entering directory '/mnt/c/Users/Antho/repos/ZeroPilot-SW/Autopilot/CMakeFiles/CMakeTmp'
Building C object CMakeFiles/cmTC_fd525.dir/CheckFunctionExists.c.o
/usr/bin/cc    -DCHECK_FUNCTION_EXISTS=pthread_create   -o CMakeFiles/cmTC_fd525.dir/CheckFunctionExists.c.o   -c /usr/share/cmake-3.5/Modules/CheckFunctionExists.c
Linking C executable cmTC_fd525
/usr/bin/cmake -E cmake_link_script CMakeFiles/cmTC_fd525.dir/link.txt --verbose=1
/usr/bin/cc   -DCHECK_FUNCTION_EXISTS=pthread_create    CMakeFiles/cmTC_fd525.dir/CheckFunctionExists.c.o  -o cmTC_fd525 -rdynamic -lpthreads 
/usr/bin/ld: cannot find -lpthreads
collect2: error: ld returned 1 exit status
CMakeFiles/cmTC_fd525.dir/build.make:97: recipe for target 'cmTC_fd525' failed
make[1]: *** [cmTC_fd525] Error 1
make[1]: Leaving directory '/mnt/c/Users/Antho/repos/ZeroPilot-SW/Autopilot/CMakeFiles/CMakeTmp'
Makefile:126: recipe for target 'cmTC_fd525/fast' failed
make: *** [cmTC_fd525/fast] Error 2


